{
  "stats": {
    "suites": 1,
    "tests": 2,
    "passes": 2,
    "pending": 0,
    "failures": 0,
    "start": "2025-04-30T01:43:39.458Z",
    "end": "2025-04-30T01:43:52.674Z",
    "duration": 13216,
    "testsRegistered": 2,
    "passPercent": 100,
    "pendingPercent": 0,
    "other": 0,
    "hasOther": false,
    "skipped": 0,
    "hasSkipped": false
  },
  "results": [
    {
      "uuid": "566f72e7-da54-4f3b-b233-60f9793c8398",
      "title": "",
      "fullFile": "cypress\\e2e\\login.cy.js",
      "file": "cypress\\e2e\\login.cy.js",
      "beforeHooks": [],
      "afterHooks": [],
      "tests": [],
      "suites": [
        {
          "uuid": "a3bb247b-51c9-4b4a-b781-935d1fea68e0",
          "title": "Login Application",
          "fullFile": "",
          "file": "",
          "beforeHooks": [],
          "afterHooks": [],
          "tests": [
            {
              "title": "Login the application with valid test data",
              "fullTitle": "Login Application Login the application with valid test data",
              "timedOut": null,
              "duration": 7568,
              "state": "passed",
              "speed": "medium",
              "pass": true,
              "fail": false,
              "pending": false,
              "context": "{\n  \"title\": \"cypress-mochawesome-reporter-videos-passed\",\n  \"value\": \"cypress\\\\e2e\\\\login.cy.js\"\n}",
              "code": "cy.get(\"#email\").should('be.visible').clear().click().type('admin@getprojects.org', {\n  delay: 200\n});\ncy.get(\"#password\").type('12345');\ncy.get(\"#btnSubmit\").click();",
              "err": {},
              "uuid": "3c1fad86-d3d1-402f-8b53-9240335d6a4f",
              "parentUUID": "a3bb247b-51c9-4b4a-b781-935d1fea68e0",
              "isHook": false,
              "skipped": false
            },
            {
              "title": "Login the application with invalid test data",
              "fullTitle": "Login Application Login the application with invalid test data",
              "timedOut": null,
              "duration": 3073,
              "state": "passed",
              "speed": "fast",
              "pass": true,
              "fail": false,
              "pending": false,
              "context": "{\n  \"title\": \"cypress-mochawesome-reporter-videos-passed\",\n  \"value\": \"cypress\\\\e2e\\\\login.cy.js\"\n}",
              "code": "cy.get(\"#email\").should('be.visible').clear().click().type('admin', {\n  delay: 200\n});\ncy.get(\"#password\").type('12345');\ncy.get(\"#btnSubmit\").click();\ncy.get('#login_error').should('be.visible');\ncy.get('#login_error .modal-body').should('contain', 'Email or Password is Incorrect');",
              "err": {},
              "uuid": "24f7eb30-0c98-40ab-8463-d95ddea46ec9",
              "parentUUID": "a3bb247b-51c9-4b4a-b781-935d1fea68e0",
              "isHook": false,
              "skipped": false
            }
          ],
          "suites": [],
          "passes": [
            "3c1fad86-d3d1-402f-8b53-9240335d6a4f",
            "24f7eb30-0c98-40ab-8463-d95ddea46ec9"
          ],
          "failures": [],
          "pending": [],
          "skipped": [],
          "duration": 10641,
          "root": false,
          "rootEmpty": false,
          "_timeout": 2000
        }
      ],
      "passes": [],
      "failures": [],
      "pending": [],
      "skipped": [],
      "duration": 0,
      "root": true,
      "rootEmpty": true,
      "_timeout": 2000
    }
  ],
  "meta": {
    "mocha": {
      "version": "7.2.0"
    },
    "mochawesome": {
      "options": {
        "quiet": false,
        "reportFilename": "mochawesome",
        "saveHtml": false,
        "saveJson": true,
        "consoleReporter": "spec",
        "useInlineDiffs": false,
        "code": true
      },
      "version": "7.1.3"
    },
    "marge": {
      "options": {
        "reportDir": "cypress/reports",
        "overwrite": false,
        "html": false,
        "json": true
      },
      "version": "6.2.0"
    }
  }
}